<?xml version="1.0" encoding="UTF-8"?>
<testsuite name="sample.web.thymeleaf3.MessageControllerWebTests" time="1.332" tests="3" errors="0" skipped="0" failures="0">
  <properties>
[...]
</properties>
  <testcase name="testHome" classname="sample.web.thymeleaf3.MessageControllerWebTests" time="1.041"/>
  <testcase name="testCreateValidation" classname="sample.web.thymeleaf3.MessageControllerWebTests" time="0.206"/>
  <testcase name="testCreate" classname="sample.web.thymeleaf3.MessageControllerWebTests" time="0.085"/>
</testsuite>